2026-02-21 11:15:50,899 [INFO] Found 12 icons in /Users/timcaudron/CinemaBackOffice/icons
2026-02-21 11:15:50,925 [ERROR] Thumb load failed for 10_hover.png: cannot identify image file '/Users/timcaudron/CinemaBackOffice/icons/10_hover.png'
Traceback (most recent call last):
  File "/Users/timcaudron/CinemaBackOffice/cinemaAffiche.py", line 519, in _make_icon_thumb
    img = Image.open(path).convert("RGBA").resize((size, size), Image.LANCZOS)
          ~~~~~~~~~~^^^^^^
  File "/Users/timcaudron/CinemaBackOffice/.venv/lib/python3.14/site-packages/PIL/Image.py", line 3579, in open
    raise UnidentifiedImageError(msg)
PIL.UnidentifiedImageError: cannot identify image file '/Users/timcaudron/CinemaBackOffice/icons/10_hover.png'
2026-02-21 11:15:50,926 [ERROR] Thumb load failed for 12_hover.png: cannot identify image file '/Users/timcaudron/CinemaBackOffice/icons/12_hover.png'
Traceback (most recent call last):
  File "/Users/timcaudron/CinemaBackOffice/cinemaAffiche.py", line 519, in _make_icon_thumb
    img = Image.open(path).convert("RGBA").resize((size, size), Image.LANCZOS)
          ~~~~~~~~~~^^^^^^
  File "/Users/timcaudron/CinemaBackOffice/.venv/lib/python3.14/site-packages/PIL/Image.py", line 3579, in open
    raise UnidentifiedImageError(msg)
PIL.UnidentifiedImageError: cannot identify image file '/Users/timcaudron/CinemaBackOffice/icons/12_hover.png'
2026-02-21 11:15:50,927 [ERROR] Thumb load failed for 16_hover.png: cannot identify image file '/Users/timcaudron/CinemaBackOffice/icons/16_hover.png'
Traceback (most recent call last):
  File "/Users/timcaudron/CinemaBackOffice/cinemaAffiche.py", line 519, in _make_icon_thumb
    img = Image.open(path).convert("RGBA").resize((size, size), Image.LANCZOS)
          ~~~~~~~~~~^^^^^^
  File "/Users/timcaudron/CinemaBackOffice/.venv/lib/python3.14/site-packages/PIL/Image.py", line 3579, in open
    raise UnidentifiedImageError(msg)
PIL.UnidentifiedImageError: cannot identify image file '/Users/timcaudron/CinemaBackOffice/icons/16_hover.png'
2026-02-21 11:15:50,927 [ERROR] Thumb load failed for 6_hover.png: cannot identify image file '/Users/timcaudron/CinemaBackOffice/icons/6_hover.png'
Traceback (most recent call last):
  File "/Users/timcaudron/CinemaBackOffice/cinemaAffiche.py", line 519, in _make_icon_thumb
    img = Image.open(path).convert("RGBA").resize((size, size), Image.LANCZOS)
          ~~~~~~~~~~^^^^^^
  File "/Users/timcaudron/CinemaBackOffice/.venv/lib/python3.14/site-packages/PIL/Image.py", line 3579, in open
    raise UnidentifiedImageError(msg)
PIL.UnidentifiedImageError: cannot identify image file '/Users/timcaudron/CinemaBackOffice/icons/6_hover.png'
2026-02-21 11:15:50,927 [ERROR] Thumb load failed for al_hover.png: cannot identify image file '/Users/timcaudron/CinemaBackOffice/icons/al_hover.png'
Traceback (most recent call last):
  File "/Users/timcaudron/CinemaBackOffice/cinemaAffiche.py", line 519, in _make_icon_thumb
    img = Image.open(path).convert("RGBA").resize((size, size), Image.LANCZOS)
          ~~~~~~~~~~^^^^^^
  File "/Users/timcaudron/CinemaBackOffice/.venv/lib/python3.14/site-packages/PIL/Image.py", line 3579, in open
    raise UnidentifiedImageError(msg)
PIL.UnidentifiedImageError: cannot identify image file '/Users/timcaudron/CinemaBackOffice/icons/al_hover.png'
2026-02-21 11:15:50,928 [ERROR] Thumb load failed for angst_hover.png: cannot identify image file '/Users/timcaudron/CinemaBackOffice/icons/angst_hover.png'
Traceback (most recent call last):
  File "/Users/timcaudron/CinemaBackOffice/cinemaAffiche.py", line 519, in _make_icon_thumb
    img = Image.open(path).convert("RGBA").resize((size, size), Image.LANCZOS)
          ~~~~~~~~~~^^^^^^
  File "/Users/timcaudron/CinemaBackOffice/.venv/lib/python3.14/site-packages/PIL/Image.py", line 3579, in open
    raise UnidentifiedImageError(msg)
PIL.UnidentifiedImageError: cannot identify image file '/Users/timcaudron/CinemaBackOffice/icons/angst_hover.png'
2026-02-21 11:15:50,928 [ERROR] Thumb load failed for discriminatie_hover.png: cannot identify image file '/Users/timcaudron/CinemaBackOffice/icons/discriminatie_hover.png'
Traceback (most recent call last):
  File "/Users/timcaudron/CinemaBackOffice/cinemaAffiche.py", line 519, in _make_icon_thumb
    img = Image.open(path).convert("RGBA").resize((size, size), Image.LANCZOS)
          ~~~~~~~~~~^^^^^^
  File "/Users/timcaudron/CinemaBackOffice/.venv/lib/python3.14/site-packages/PIL/Image.py", line 3579, in open
    raise UnidentifiedImageError(msg)
PIL.UnidentifiedImageError: cannot identify image file '/Users/timcaudron/CinemaBackOffice/icons/discriminatie_hover.png'
2026-02-21 11:15:50,928 [ERROR] Thumb load failed for drugs_hover.png: cannot identify image file '/Users/timcaudron/CinemaBackOffice/icons/drugs_hover.png'
Traceback (most recent call last):
  File "/Users/timcaudron/CinemaBackOffice/cinemaAffiche.py", line 519, in _make_icon_thumb
    img = Image.open(path).convert("RGBA").resize((size, size), Image.LANCZOS)
          ~~~~~~~~~~^^^^^^
  File "/Users/timcaudron/CinemaBackOffice/.venv/lib/python3.14/site-packages/PIL/Image.py", line 3579, in open
    raise UnidentifiedImageError(msg)
PIL.UnidentifiedImageError: cannot identify image file '/Users/timcaudron/CinemaBackOffice/icons/drugs_hover.png'
2026-02-21 11:15:50,928 [ERROR] Thumb load failed for geweld_hover.png: cannot identify image file '/Users/timcaudron/CinemaBackOffice/icons/geweld_hover.png'
Traceback (most recent call last):
  File "/Users/timcaudron/CinemaBackOffice/cinemaAffiche.py", line 519, in _make_icon_thumb
    img = Image.open(path).convert("RGBA").resize((size, size), Image.LANCZOS)
          ~~~~~~~~~~^^^^^^
  File "/Users/timcaudron/CinemaBackOffice/.venv/lib/python3.14/site-packages/PIL/Image.py", line 3579, in open
    raise UnidentifiedImageError(msg)
PIL.UnidentifiedImageError: cannot identify image file '/Users/timcaudron/CinemaBackOffice/icons/geweld_hover.png'
2026-02-21 11:15:50,928 [ERROR] Thumb load failed for goedgezienbienvu_18_grijs.png: cannot identify image file '/Users/timcaudron/CinemaBackOffice/icons/goedgezienbienvu_18_grijs.png'
Traceback (most recent call last):
  File "/Users/timcaudron/CinemaBackOffice/cinemaAffiche.py", line 519, in _make_icon_thumb
    img = Image.open(path).convert("RGBA").resize((size, size), Image.LANCZOS)
          ~~~~~~~~~~^^^^^^
  File "/Users/timcaudron/CinemaBackOffice/.venv/lib/python3.14/site-packages/PIL/Image.py", line 3579, in open
    raise UnidentifiedImageError(msg)
PIL.UnidentifiedImageError: cannot identify image file '/Users/timcaudron/CinemaBackOffice/icons/goedgezienbienvu_18_grijs.png'
2026-02-21 11:15:50,929 [ERROR] Thumb load failed for groftaalgebruik_hover.png: cannot identify image file '/Users/timcaudron/CinemaBackOffice/icons/groftaalgebruik_hover.png'
Traceback (most recent call last):
  File "/Users/timcaudron/CinemaBackOffice/cinemaAffiche.py", line 519, in _make_icon_thumb
    img = Image.open(path).convert("RGBA").resize((size, size), Image.LANCZOS)
          ~~~~~~~~~~^^^^^^
  File "/Users/timcaudron/CinemaBackOffice/.venv/lib/python3.14/site-packages/PIL/Image.py", line 3579, in open
    raise UnidentifiedImageError(msg)
PIL.UnidentifiedImageError: cannot identify image file '/Users/timcaudron/CinemaBackOffice/icons/groftaalgebruik_hover.png'
2026-02-21 11:15:50,929 [ERROR] Thumb load failed for seks_hover.png: cannot identify image file '/Users/timcaudron/CinemaBackOffice/icons/seks_hover.png'
Traceback (most recent call last):
  File "/Users/timcaudron/CinemaBackOffice/cinemaAffiche.py", line 519, in _make_icon_thumb
    img = Image.open(path).convert("RGBA").resize((size, size), Image.LANCZOS)
          ~~~~~~~~~~^^^^^^
  File "/Users/timcaudron/CinemaBackOffice/.venv/lib/python3.14/site-packages/PIL/Image.py", line 3579, in open
    raise UnidentifiedImageError(msg)
PIL.UnidentifiedImageError: cannot identify image file '/Users/timcaudron/CinemaBackOffice/icons/seks_hover.png'
2026-02-21 11:16:30,427 [ERROR] Failed loading icon /Users/timcaudron/CinemaBackOffice/icons/10_hover.png: cannot identify image file '/Users/timcaudron/CinemaBackOffice/icons/10_hover.png'
Traceback (most recent call last):
  File "/Users/timcaudron/CinemaBackOffice/cinemaAffiche.py", line 148, in _load_icon_rgba
    img = Image.open(path).convert("RGBA").resize((size_px, size_px), Image.LANCZOS)
          ~~~~~~~~~~^^^^^^
  File "/Users/timcaudron/CinemaBackOffice/.venv/lib/python3.14/site-packages/PIL/Image.py", line 3579, in open
    raise UnidentifiedImageError(msg)
PIL.UnidentifiedImageError: cannot identify image file '/Users/timcaudron/CinemaBackOffice/icons/10_hover.png'
2026-02-21 11:16:33,049 [ERROR] Failed loading icon /Users/timcaudron/CinemaBackOffice/icons/10_hover.png: cannot identify image file '/Users/timcaudron/CinemaBackOffice/icons/10_hover.png'
Traceback (most recent call last):
  File "/Users/timcaudron/CinemaBackOffice/cinemaAffiche.py", line 148, in _load_icon_rgba
    img = Image.open(path).convert("RGBA").resize((size_px, size_px), Image.LANCZOS)
          ~~~~~~~~~~^^^^^^
  File "/Users/timcaudron/CinemaBackOffice/.venv/lib/python3.14/site-packages/PIL/Image.py", line 3579, in open
    raise UnidentifiedImageError(msg)
PIL.UnidentifiedImageError: cannot identify image file '/Users/timcaudron/CinemaBackOffice/icons/10_hover.png'
2026-02-21 11:16:53,083 [INFO] Found 12 icons in /Users/timcaudron/CinemaBackOffice/icons
2026-02-21 11:16:53,109 [ERROR] Thumb load failed for 10_hover.png: cannot identify image file '/Users/timcaudron/CinemaBackOffice/icons/10_hover.png'
Traceback (most recent call last):
  File "/Users/timcaudron/CinemaBackOffice/cinemaAffiche.py", line 519, in _make_icon_thumb
    img = Image.open(path).convert("RGBA").resize((size, size), Image.LANCZOS)
          ~~~~~~~~~~^^^^^^
  File "/Users/timcaudron/CinemaBackOffice/.venv/lib/python3.14/site-packages/PIL/Image.py", line 3579, in open
    raise UnidentifiedImageError(msg)
PIL.UnidentifiedImageError: cannot identify image file '/Users/timcaudron/CinemaBackOffice/icons/10_hover.png'
2026-02-21 11:16:53,110 [ERROR] Thumb load failed for 12_hover.png: cannot identify image file '/Users/timcaudron/CinemaBackOffice/icons/12_hover.png'
Traceback (most recent call last):
  File "/Users/timcaudron/CinemaBackOffice/cinemaAffiche.py", line 519, in _make_icon_thumb
    img = Image.open(path).convert("RGBA").resize((size, size), Image.LANCZOS)
          ~~~~~~~~~~^^^^^^
  File "/Users/timcaudron/CinemaBackOffice/.venv/lib/python3.14/site-packages/PIL/Image.py", line 3579, in open
    raise UnidentifiedImageError(msg)
PIL.UnidentifiedImageError: cannot identify image file '/Users/timcaudron/CinemaBackOffice/icons/12_hover.png'
2026-02-21 11:16:53,110 [ERROR] Thumb load failed for 16_hover.png: cannot identify image file '/Users/timcaudron/CinemaBackOffice/icons/16_hover.png'
Traceback (most recent call last):
  File "/Users/timcaudron/CinemaBackOffice/cinemaAffiche.py", line 519, in _make_icon_thumb
    img = Image.open(path).convert("RGBA").resize((size, size), Image.LANCZOS)
          ~~~~~~~~~~^^^^^^
  File "/Users/timcaudron/CinemaBackOffice/.venv/lib/python3.14/site-packages/PIL/Image.py", line 3579, in open
    raise UnidentifiedImageError(msg)
PIL.UnidentifiedImageError: cannot identify image file '/Users/timcaudron/CinemaBackOffice/icons/16_hover.png'
2026-02-21 11:16:53,110 [ERROR] Thumb load failed for 6_hover.png: cannot identify image file '/Users/timcaudron/CinemaBackOffice/icons/6_hover.png'
Traceback (most recent call last):
  File "/Users/timcaudron/CinemaBackOffice/cinemaAffiche.py", line 519, in _make_icon_thumb
    img = Image.open(path).convert("RGBA").resize((size, size), Image.LANCZOS)
          ~~~~~~~~~~^^^^^^
  File "/Users/timcaudron/CinemaBackOffice/.venv/lib/python3.14/site-packages/PIL/Image.py", line 3579, in open
    raise UnidentifiedImageError(msg)
PIL.UnidentifiedImageError: cannot identify image file '/Users/timcaudron/CinemaBackOffice/icons/6_hover.png'
2026-02-21 11:16:53,111 [ERROR] Thumb load failed for al_hover.png: cannot identify image file '/Users/timcaudron/CinemaBackOffice/icons/al_hover.png'
Traceback (most recent call last):
  File "/Users/timcaudron/CinemaBackOffice/cinemaAffiche.py", line 519, in _make_icon_thumb
    img = Image.open(path).convert("RGBA").resize((size, size), Image.LANCZOS)
          ~~~~~~~~~~^^^^^^
  File "/Users/timcaudron/CinemaBackOffice/.venv/lib/python3.14/site-packages/PIL/Image.py", line 3579, in open
    raise UnidentifiedImageError(msg)
PIL.UnidentifiedImageError: cannot identify image file '/Users/timcaudron/CinemaBackOffice/icons/al_hover.png'
2026-02-21 11:16:53,111 [ERROR] Thumb load failed for angst_hover.png: cannot identify image file '/Users/timcaudron/CinemaBackOffice/icons/angst_hover.png'
Traceback (most recent call last):
  File "/Users/timcaudron/CinemaBackOffice/cinemaAffiche.py", line 519, in _make_icon_thumb
    img = Image.open(path).convert("RGBA").resize((size, size), Image.LANCZOS)
          ~~~~~~~~~~^^^^^^
  File "/Users/timcaudron/CinemaBackOffice/.venv/lib/python3.14/site-packages/PIL/Image.py", line 3579, in open
    raise UnidentifiedImageError(msg)
PIL.UnidentifiedImageError: cannot identify image file '/Users/timcaudron/CinemaBackOffice/icons/angst_hover.png'
2026-02-21 11:16:53,111 [ERROR] Thumb load failed for discriminatie_hover.png: cannot identify image file '/Users/timcaudron/CinemaBackOffice/icons/discriminatie_hover.png'
Traceback (most recent call last):
  File "/Users/timcaudron/CinemaBackOffice/cinemaAffiche.py", line 519, in _make_icon_thumb
    img = Image.open(path).convert("RGBA").resize((size, size), Image.LANCZOS)
          ~~~~~~~~~~^^^^^^
  File "/Users/timcaudron/CinemaBackOffice/.venv/lib/python3.14/site-packages/PIL/Image.py", line 3579, in open
    raise UnidentifiedImageError(msg)
PIL.UnidentifiedImageError: cannot identify image file '/Users/timcaudron/CinemaBackOffice/icons/discriminatie_hover.png'
2026-02-21 11:16:53,111 [ERROR] Thumb load failed for drugs_hover.png: cannot identify image file '/Users/timcaudron/CinemaBackOffice/icons/drugs_hover.png'
Traceback (most recent call last):
  File "/Users/timcaudron/CinemaBackOffice/cinemaAffiche.py", line 519, in _make_icon_thumb
    img = Image.open(path).convert("RGBA").resize((size, size), Image.LANCZOS)
          ~~~~~~~~~~^^^^^^
  File "/Users/timcaudron/CinemaBackOffice/.venv/lib/python3.14/site-packages/PIL/Image.py", line 3579, in open
    raise UnidentifiedImageError(msg)
PIL.UnidentifiedImageError: cannot identify image file '/Users/timcaudron/CinemaBackOffice/icons/drugs_hover.png'
2026-02-21 11:16:53,111 [ERROR] Thumb load failed for geweld_hover.png: cannot identify image file '/Users/timcaudron/CinemaBackOffice/icons/geweld_hover.png'
Traceback (most recent call last):
  File "/Users/timcaudron/CinemaBackOffice/cinemaAffiche.py", line 519, in _make_icon_thumb
    img = Image.open(path).convert("RGBA").resize((size, size), Image.LANCZOS)
          ~~~~~~~~~~^^^^^^
  File "/Users/timcaudron/CinemaBackOffice/.venv/lib/python3.14/site-packages/PIL/Image.py", line 3579, in open
    raise UnidentifiedImageError(msg)
PIL.UnidentifiedImageError: cannot identify image file '/Users/timcaudron/CinemaBackOffice/icons/geweld_hover.png'
2026-02-21 11:16:53,112 [ERROR] Thumb load failed for goedgezienbienvu_18_grijs.png: cannot identify image file '/Users/timcaudron/CinemaBackOffice/icons/goedgezienbienvu_18_grijs.png'
Traceback (most recent call last):
  File "/Users/timcaudron/CinemaBackOffice/cinemaAffiche.py", line 519, in _make_icon_thumb
    img = Image.open(path).convert("RGBA").resize((size, size), Image.LANCZOS)
          ~~~~~~~~~~^^^^^^
  File "/Users/timcaudron/CinemaBackOffice/.venv/lib/python3.14/site-packages/PIL/Image.py", line 3579, in open
    raise UnidentifiedImageError(msg)
PIL.UnidentifiedImageError: cannot identify image file '/Users/timcaudron/CinemaBackOffice/icons/goedgezienbienvu_18_grijs.png'
2026-02-21 11:16:53,112 [ERROR] Thumb load failed for groftaalgebruik_hover.png: cannot identify image file '/Users/timcaudron/CinemaBackOffice/icons/groftaalgebruik_hover.png'
Traceback (most recent call last):
  File "/Users/timcaudron/CinemaBackOffice/cinemaAffiche.py", line 519, in _make_icon_thumb
    img = Image.open(path).convert("RGBA").resize((size, size), Image.LANCZOS)
          ~~~~~~~~~~^^^^^^
  File "/Users/timcaudron/CinemaBackOffice/.venv/lib/python3.14/site-packages/PIL/Image.py", line 3579, in open
    raise UnidentifiedImageError(msg)
PIL.UnidentifiedImageError: cannot identify image file '/Users/timcaudron/CinemaBackOffice/icons/groftaalgebruik_hover.png'
2026-02-21 11:16:53,112 [ERROR] Thumb load failed for seks_hover.png: cannot identify image file '/Users/timcaudron/CinemaBackOffice/icons/seks_hover.png'
Traceback (most recent call last):
  File "/Users/timcaudron/CinemaBackOffice/cinemaAffiche.py", line 519, in _make_icon_thumb
    img = Image.open(path).convert("RGBA").resize((size, size), Image.LANCZOS)
          ~~~~~~~~~~^^^^^^
  File "/Users/timcaudron/CinemaBackOffice/.venv/lib/python3.14/site-packages/PIL/Image.py", line 3579, in open
    raise UnidentifiedImageError(msg)
PIL.UnidentifiedImageError: cannot identify image file '/Users/timcaudron/CinemaBackOffice/icons/seks_hover.png'
2026-02-21 11:19:26,032 [INFO] Found 12 icons in /Users/timcaudron/CinemaBackOffice/icons
2026-02-21 11:19:26,057 [ERROR] Thumb load failed for 10_hover.png: cannot identify image file '/Users/timcaudron/CinemaBackOffice/icons/10_hover.png'
Traceback (most recent call last):
  File "/Users/timcaudron/CinemaBackOffice/cinemaAffiche.py", line 519, in _make_icon_thumb
    img = Image.open(path).convert("RGBA").resize((size, size), Image.LANCZOS)
          ~~~~~~~~~~^^^^^^
  File "/Users/timcaudron/CinemaBackOffice/.venv/lib/python3.14/site-packages/PIL/Image.py", line 3579, in open
    raise UnidentifiedImageError(msg)
PIL.UnidentifiedImageError: cannot identify image file '/Users/timcaudron/CinemaBackOffice/icons/10_hover.png'
2026-02-21 11:19:26,058 [ERROR] Thumb load failed for 12_hover.png: cannot identify image file '/Users/timcaudron/CinemaBackOffice/icons/12_hover.png'
Traceback (most recent call last):
  File "/Users/timcaudron/CinemaBackOffice/cinemaAffiche.py", line 519, in _make_icon_thumb
    img = Image.open(path).convert("RGBA").resize((size, size), Image.LANCZOS)
          ~~~~~~~~~~^^^^^^
  File "/Users/timcaudron/CinemaBackOffice/.venv/lib/python3.14/site-packages/PIL/Image.py", line 3579, in open
    raise UnidentifiedImageError(msg)
PIL.UnidentifiedImageError: cannot identify image file '/Users/timcaudron/CinemaBackOffice/icons/12_hover.png'
2026-02-21 11:19:26,058 [ERROR] Thumb load failed for 16_hover.png: cannot identify image file '/Users/timcaudron/CinemaBackOffice/icons/16_hover.png'
Traceback (most recent call last):
  File "/Users/timcaudron/CinemaBackOffice/cinemaAffiche.py", line 519, in _make_icon_thumb
    img = Image.open(path).convert("RGBA").resize((size, size), Image.LANCZOS)
          ~~~~~~~~~~^^^^^^
  File "/Users/timcaudron/CinemaBackOffice/.venv/lib/python3.14/site-packages/PIL/Image.py", line 3579, in open
    raise UnidentifiedImageError(msg)
PIL.UnidentifiedImageError: cannot identify image file '/Users/timcaudron/CinemaBackOffice/icons/16_hover.png'
2026-02-21 11:19:26,058 [ERROR] Thumb load failed for 6_hover.png: cannot identify image file '/Users/timcaudron/CinemaBackOffice/icons/6_hover.png'
Traceback (most recent call last):
  File "/Users/timcaudron/CinemaBackOffice/cinemaAffiche.py", line 519, in _make_icon_thumb
    img = Image.open(path).convert("RGBA").resize((size, size), Image.LANCZOS)
          ~~~~~~~~~~^^^^^^
  File "/Users/timcaudron/CinemaBackOffice/.venv/lib/python3.14/site-packages/PIL/Image.py", line 3579, in open
    raise UnidentifiedImageError(msg)
PIL.UnidentifiedImageError: cannot identify image file '/Users/timcaudron/CinemaBackOffice/icons/6_hover.png'
2026-02-21 11:19:26,058 [ERROR] Thumb load failed for al_hover.png: cannot identify image file '/Users/timcaudron/CinemaBackOffice/icons/al_hover.png'
Traceback (most recent call last):
  File "/Users/timcaudron/CinemaBackOffice/cinemaAffiche.py", line 519, in _make_icon_thumb
    img = Image.open(path).convert("RGBA").resize((size, size), Image.LANCZOS)
          ~~~~~~~~~~^^^^^^
  File "/Users/timcaudron/CinemaBackOffice/.venv/lib/python3.14/site-packages/PIL/Image.py", line 3579, in open
    raise UnidentifiedImageError(msg)
PIL.UnidentifiedImageError: cannot identify image file '/Users/timcaudron/CinemaBackOffice/icons/al_hover.png'
2026-02-21 11:19:26,059 [ERROR] Thumb load failed for angst_hover.png: cannot identify image file '/Users/timcaudron/CinemaBackOffice/icons/angst_hover.png'
Traceback (most recent call last):
  File "/Users/timcaudron/CinemaBackOffice/cinemaAffiche.py", line 519, in _make_icon_thumb
    img = Image.open(path).convert("RGBA").resize((size, size), Image.LANCZOS)
          ~~~~~~~~~~^^^^^^
  File "/Users/timcaudron/CinemaBackOffice/.venv/lib/python3.14/site-packages/PIL/Image.py", line 3579, in open
    raise UnidentifiedImageError(msg)
PIL.UnidentifiedImageError: cannot identify image file '/Users/timcaudron/CinemaBackOffice/icons/angst_hover.png'
2026-02-21 11:19:26,059 [ERROR] Thumb load failed for discriminatie_hover.png: cannot identify image file '/Users/timcaudron/CinemaBackOffice/icons/discriminatie_hover.png'
Traceback (most recent call last):
  File "/Users/timcaudron/CinemaBackOffice/cinemaAffiche.py", line 519, in _make_icon_thumb
    img = Image.open(path).convert("RGBA").resize((size, size), Image.LANCZOS)
          ~~~~~~~~~~^^^^^^
  File "/Users/timcaudron/CinemaBackOffice/.venv/lib/python3.14/site-packages/PIL/Image.py", line 3579, in open
    raise UnidentifiedImageError(msg)
PIL.UnidentifiedImageError: cannot identify image file '/Users/timcaudron/CinemaBackOffice/icons/discriminatie_hover.png'
2026-02-21 11:19:26,059 [ERROR] Thumb load failed for drugs_hover.png: cannot identify image file '/Users/timcaudron/CinemaBackOffice/icons/drugs_hover.png'
Traceback (most recent call last):
  File "/Users/timcaudron/CinemaBackOffice/cinemaAffiche.py", line 519, in _make_icon_thumb
    img = Image.open(path).convert("RGBA").resize((size, size), Image.LANCZOS)
          ~~~~~~~~~~^^^^^^
  File "/Users/timcaudron/CinemaBackOffice/.venv/lib/python3.14/site-packages/PIL/Image.py", line 3579, in open
    raise UnidentifiedImageError(msg)
PIL.UnidentifiedImageError: cannot identify image file '/Users/timcaudron/CinemaBackOffice/icons/drugs_hover.png'
2026-02-21 11:19:26,059 [ERROR] Thumb load failed for geweld_hover.png: cannot identify image file '/Users/timcaudron/CinemaBackOffice/icons/geweld_hover.png'
Traceback (most recent call last):
  File "/Users/timcaudron/CinemaBackOffice/cinemaAffiche.py", line 519, in _make_icon_thumb
    img = Image.open(path).convert("RGBA").resize((size, size), Image.LANCZOS)
          ~~~~~~~~~~^^^^^^
  File "/Users/timcaudron/CinemaBackOffice/.venv/lib/python3.14/site-packages/PIL/Image.py", line 3579, in open
    raise UnidentifiedImageError(msg)
PIL.UnidentifiedImageError: cannot identify image file '/Users/timcaudron/CinemaBackOffice/icons/geweld_hover.png'
2026-02-21 11:19:26,059 [ERROR] Thumb load failed for goedgezienbienvu_18_grijs.png: cannot identify image file '/Users/timcaudron/CinemaBackOffice/icons/goedgezienbienvu_18_grijs.png'
Traceback (most recent call last):
  File "/Users/timcaudron/CinemaBackOffice/cinemaAffiche.py", line 519, in _make_icon_thumb
    img = Image.open(path).convert("RGBA").resize((size, size), Image.LANCZOS)
          ~~~~~~~~~~^^^^^^
  File "/Users/timcaudron/CinemaBackOffice/.venv/lib/python3.14/site-packages/PIL/Image.py", line 3579, in open
    raise UnidentifiedImageError(msg)
PIL.UnidentifiedImageError: cannot identify image file '/Users/timcaudron/CinemaBackOffice/icons/goedgezienbienvu_18_grijs.png'
2026-02-21 11:19:26,060 [ERROR] Thumb load failed for groftaalgebruik_hover.png: cannot identify image file '/Users/timcaudron/CinemaBackOffice/icons/groftaalgebruik_hover.png'
Traceback (most recent call last):
  File "/Users/timcaudron/CinemaBackOffice/cinemaAffiche.py", line 519, in _make_icon_thumb
    img = Image.open(path).convert("RGBA").resize((size, size), Image.LANCZOS)
          ~~~~~~~~~~^^^^^^
  File "/Users/timcaudron/CinemaBackOffice/.venv/lib/python3.14/site-packages/PIL/Image.py", line 3579, in open
    raise UnidentifiedImageError(msg)
PIL.UnidentifiedImageError: cannot identify image file '/Users/timcaudron/CinemaBackOffice/icons/groftaalgebruik_hover.png'
2026-02-21 11:19:26,060 [ERROR] Thumb load failed for seks_hover.png: cannot identify image file '/Users/timcaudron/CinemaBackOffice/icons/seks_hover.png'
Traceback (most recent call last):
  File "/Users/timcaudron/CinemaBackOffice/cinemaAffiche.py", line 519, in _make_icon_thumb
    img = Image.open(path).convert("RGBA").resize((size, size), Image.LANCZOS)
          ~~~~~~~~~~^^^^^^
  File "/Users/timcaudron/CinemaBackOffice/.venv/lib/python3.14/site-packages/PIL/Image.py", line 3579, in open
    raise UnidentifiedImageError(msg)
PIL.UnidentifiedImageError: cannot identify image file '/Users/timcaudron/CinemaBackOffice/icons/seks_hover.png'
2026-02-21 11:27:17,803 [INFO] Found 12 icons
2026-02-21 11:27:17,829 [ERROR] Thumb load failed for 10_hover.png: cannot identify image file '/Users/timcaudron/CinemaBackOffice/icons/10_hover.png'
Traceback (most recent call last):
  File "/Users/timcaudron/CinemaBackOffice/cinemaAffiche.py", line 373, in _make_icon_thumb
    img = Image.open(ICONS_DIR / filename)
  File "/Users/timcaudron/CinemaBackOffice/.venv/lib/python3.14/site-packages/PIL/Image.py", line 3579, in open
    raise UnidentifiedImageError(msg)
PIL.UnidentifiedImageError: cannot identify image file '/Users/timcaudron/CinemaBackOffice/icons/10_hover.png'
2026-02-21 11:27:17,830 [ERROR] Thumb load failed for 12_hover.png: cannot identify image file '/Users/timcaudron/CinemaBackOffice/icons/12_hover.png'
Traceback (most recent call last):
  File "/Users/timcaudron/CinemaBackOffice/cinemaAffiche.py", line 373, in _make_icon_thumb
    img = Image.open(ICONS_DIR / filename)
  File "/Users/timcaudron/CinemaBackOffice/.venv/lib/python3.14/site-packages/PIL/Image.py", line 3579, in open
    raise UnidentifiedImageError(msg)
PIL.UnidentifiedImageError: cannot identify image file '/Users/timcaudron/CinemaBackOffice/icons/12_hover.png'
2026-02-21 11:27:17,830 [ERROR] Thumb load failed for 16_hover.png: cannot identify image file '/Users/timcaudron/CinemaBackOffice/icons/16_hover.png'
Traceback (most recent call last):
  File "/Users/timcaudron/CinemaBackOffice/cinemaAffiche.py", line 373, in _make_icon_thumb
    img = Image.open(ICONS_DIR / filename)
  File "/Users/timcaudron/CinemaBackOffice/.venv/lib/python3.14/site-packages/PIL/Image.py", line 3579, in open
    raise UnidentifiedImageError(msg)
PIL.UnidentifiedImageError: cannot identify image file '/Users/timcaudron/CinemaBackOffice/icons/16_hover.png'
2026-02-21 11:27:17,831 [ERROR] Thumb load failed for 6_hover.png: cannot identify image file '/Users/timcaudron/CinemaBackOffice/icons/6_hover.png'
Traceback (most recent call last):
  File "/Users/timcaudron/CinemaBackOffice/cinemaAffiche.py", line 373, in _make_icon_thumb
    img = Image.open(ICONS_DIR / filename)
  File "/Users/timcaudron/CinemaBackOffice/.venv/lib/python3.14/site-packages/PIL/Image.py", line 3579, in open
    raise UnidentifiedImageError(msg)
PIL.UnidentifiedImageError: cannot identify image file '/Users/timcaudron/CinemaBackOffice/icons/6_hover.png'
2026-02-21 11:27:17,831 [ERROR] Thumb load failed for al_hover.png: cannot identify image file '/Users/timcaudron/CinemaBackOffice/icons/al_hover.png'
Traceback (most recent call last):
  File "/Users/timcaudron/CinemaBackOffice/cinemaAffiche.py", line 373, in _make_icon_thumb
    img = Image.open(ICONS_DIR / filename)
  File "/Users/timcaudron/CinemaBackOffice/.venv/lib/python3.14/site-packages/PIL/Image.py", line 3579, in open
    raise UnidentifiedImageError(msg)
PIL.UnidentifiedImageError: cannot identify image file '/Users/timcaudron/CinemaBackOffice/icons/al_hover.png'
2026-02-21 11:27:17,831 [ERROR] Thumb load failed for angst_hover.png: cannot identify image file '/Users/timcaudron/CinemaBackOffice/icons/angst_hover.png'
Traceback (most recent call last):
  File "/Users/timcaudron/CinemaBackOffice/cinemaAffiche.py", line 373, in _make_icon_thumb
    img = Image.open(ICONS_DIR / filename)
  File "/Users/timcaudron/CinemaBackOffice/.venv/lib/python3.14/site-packages/PIL/Image.py", line 3579, in open
    raise UnidentifiedImageError(msg)
PIL.UnidentifiedImageError: cannot identify image file '/Users/timcaudron/CinemaBackOffice/icons/angst_hover.png'
2026-02-21 11:27:17,831 [ERROR] Thumb load failed for discriminatie_hover.png: cannot identify image file '/Users/timcaudron/CinemaBackOffice/icons/discriminatie_hover.png'
Traceback (most recent call last):
  File "/Users/timcaudron/CinemaBackOffice/cinemaAffiche.py", line 373, in _make_icon_thumb
    img = Image.open(ICONS_DIR / filename)
  File "/Users/timcaudron/CinemaBackOffice/.venv/lib/python3.14/site-packages/PIL/Image.py", line 3579, in open
    raise UnidentifiedImageError(msg)
PIL.UnidentifiedImageError: cannot identify image file '/Users/timcaudron/CinemaBackOffice/icons/discriminatie_hover.png'
2026-02-21 11:27:17,831 [ERROR] Thumb load failed for drugs_hover.png: cannot identify image file '/Users/timcaudron/CinemaBackOffice/icons/drugs_hover.png'
Traceback (most recent call last):
  File "/Users/timcaudron/CinemaBackOffice/cinemaAffiche.py", line 373, in _make_icon_thumb
    img = Image.open(ICONS_DIR / filename)
  File "/Users/timcaudron/CinemaBackOffice/.venv/lib/python3.14/site-packages/PIL/Image.py", line 3579, in open
    raise UnidentifiedImageError(msg)
PIL.UnidentifiedImageError: cannot identify image file '/Users/timcaudron/CinemaBackOffice/icons/drugs_hover.png'
2026-02-21 11:27:17,832 [ERROR] Thumb load failed for geweld_hover.png: cannot identify image file '/Users/timcaudron/CinemaBackOffice/icons/geweld_hover.png'
Traceback (most recent call last):
  File "/Users/timcaudron/CinemaBackOffice/cinemaAffiche.py", line 373, in _make_icon_thumb
    img = Image.open(ICONS_DIR / filename)
  File "/Users/timcaudron/CinemaBackOffice/.venv/lib/python3.14/site-packages/PIL/Image.py", line 3579, in open
    raise UnidentifiedImageError(msg)
PIL.UnidentifiedImageError: cannot identify image file '/Users/timcaudron/CinemaBackOffice/icons/geweld_hover.png'
2026-02-21 11:27:17,832 [ERROR] Thumb load failed for goedgezienbienvu_18_grijs.png: cannot identify image file '/Users/timcaudron/CinemaBackOffice/icons/goedgezienbienvu_18_grijs.png'
Traceback (most recent call last):
  File "/Users/timcaudron/CinemaBackOffice/cinemaAffiche.py", line 373, in _make_icon_thumb
    img = Image.open(ICONS_DIR / filename)
  File "/Users/timcaudron/CinemaBackOffice/.venv/lib/python3.14/site-packages/PIL/Image.py", line 3579, in open
    raise UnidentifiedImageError(msg)
PIL.UnidentifiedImageError: cannot identify image file '/Users/timcaudron/CinemaBackOffice/icons/goedgezienbienvu_18_grijs.png'
2026-02-21 11:27:17,832 [ERROR] Thumb load failed for groftaalgebruik_hover.png: cannot identify image file '/Users/timcaudron/CinemaBackOffice/icons/groftaalgebruik_hover.png'
Traceback (most recent call last):
  File "/Users/timcaudron/CinemaBackOffice/cinemaAffiche.py", line 373, in _make_icon_thumb
    img = Image.open(ICONS_DIR / filename)
  File "/Users/timcaudron/CinemaBackOffice/.venv/lib/python3.14/site-packages/PIL/Image.py", line 3579, in open
    raise UnidentifiedImageError(msg)
PIL.UnidentifiedImageError: cannot identify image file '/Users/timcaudron/CinemaBackOffice/icons/groftaalgebruik_hover.png'
2026-02-21 11:27:17,832 [ERROR] Thumb load failed for seks_hover.png: cannot identify image file '/Users/timcaudron/CinemaBackOffice/icons/seks_hover.png'
Traceback (most recent call last):
  File "/Users/timcaudron/CinemaBackOffice/cinemaAffiche.py", line 373, in _make_icon_thumb
    img = Image.open(ICONS_DIR / filename)
  File "/Users/timcaudron/CinemaBackOffice/.venv/lib/python3.14/site-packages/PIL/Image.py", line 3579, in open
    raise UnidentifiedImageError(msg)
PIL.UnidentifiedImageError: cannot identify image file '/Users/timcaudron/CinemaBackOffice/icons/seks_hover.png'
2026-02-21 11:27:48,865 [ERROR] Failed loading icon /Users/timcaudron/CinemaBackOffice/icons/10_hover.png: cannot identify image file '/Users/timcaudron/CinemaBackOffice/icons/10_hover.png'
Traceback (most recent call last):
  File "/Users/timcaudron/CinemaBackOffice/cinemaAffiche.py", line 143, in _load_icon
    img = Image.open(path)
  File "/Users/timcaudron/CinemaBackOffice/.venv/lib/python3.14/site-packages/PIL/Image.py", line 3579, in open
    raise UnidentifiedImageError(msg)
PIL.UnidentifiedImageError: cannot identify image file '/Users/timcaudron/CinemaBackOffice/icons/10_hover.png'
2026-02-21 11:27:50,251 [ERROR] Failed loading icon /Users/timcaudron/CinemaBackOffice/icons/10_hover.png: cannot identify image file '/Users/timcaudron/CinemaBackOffice/icons/10_hover.png'
Traceback (most recent call last):
  File "/Users/timcaudron/CinemaBackOffice/cinemaAffiche.py", line 143, in _load_icon
    img = Image.open(path)
  File "/Users/timcaudron/CinemaBackOffice/.venv/lib/python3.14/site-packages/PIL/Image.py", line 3579, in open
    raise UnidentifiedImageError(msg)
PIL.UnidentifiedImageError: cannot identify image file '/Users/timcaudron/CinemaBackOffice/icons/10_hover.png'
2026-02-21 11:27:50,252 [ERROR] Failed loading icon /Users/timcaudron/CinemaBackOffice/icons/12_hover.png: cannot identify image file '/Users/timcaudron/CinemaBackOffice/icons/12_hover.png'
Traceback (most recent call last):
  File "/Users/timcaudron/CinemaBackOffice/cinemaAffiche.py", line 143, in _load_icon
    img = Image.open(path)
  File "/Users/timcaudron/CinemaBackOffice/.venv/lib/python3.14/site-packages/PIL/Image.py", line 3579, in open
    raise UnidentifiedImageError(msg)
PIL.UnidentifiedImageError: cannot identify image file '/Users/timcaudron/CinemaBackOffice/icons/12_hover.png'
2026-02-21 11:28:01,222 [ERROR] Failed loading icon /Users/timcaudron/CinemaBackOffice/icons/10_hover.png: cannot identify image file '/Users/timcaudron/CinemaBackOffice/icons/10_hover.png'
Traceback (most recent call last):
  File "/Users/timcaudron/CinemaBackOffice/cinemaAffiche.py", line 143, in _load_icon
    img = Image.open(path)
  File "/Users/timcaudron/CinemaBackOffice/.venv/lib/python3.14/site-packages/PIL/Image.py", line 3579, in open
    raise UnidentifiedImageError(msg)
PIL.UnidentifiedImageError: cannot identify image file '/Users/timcaudron/CinemaBackOffice/icons/10_hover.png'
2026-02-21 11:28:01,222 [ERROR] Failed loading icon /Users/timcaudron/CinemaBackOffice/icons/12_hover.png: cannot identify image file '/Users/timcaudron/CinemaBackOffice/icons/12_hover.png'
Traceback (most recent call last):
  File "/Users/timcaudron/CinemaBackOffice/cinemaAffiche.py", line 143, in _load_icon
    img = Image.open(path)
  File "/Users/timcaudron/CinemaBackOffice/.venv/lib/python3.14/site-packages/PIL/Image.py", line 3579, in open
    raise UnidentifiedImageError(msg)
PIL.UnidentifiedImageError: cannot identify image file '/Users/timcaudron/CinemaBackOffice/icons/12_hover.png'
2026-02-21 11:28:01,842 [ERROR] Failed loading icon /Users/timcaudron/CinemaBackOffice/icons/10_hover.png: cannot identify image file '/Users/timcaudron/CinemaBackOffice/icons/10_hover.png'
Traceback (most recent call last):
  File "/Users/timcaudron/CinemaBackOffice/cinemaAffiche.py", line 143, in _load_icon
    img = Image.open(path)
  File "/Users/timcaudron/CinemaBackOffice/.venv/lib/python3.14/site-packages/PIL/Image.py", line 3579, in open
    raise UnidentifiedImageError(msg)
PIL.UnidentifiedImageError: cannot identify image file '/Users/timcaudron/CinemaBackOffice/icons/10_hover.png'
2026-02-21 11:28:01,843 [ERROR] Failed loading icon /Users/timcaudron/CinemaBackOffice/icons/12_hover.png: cannot identify image file '/Users/timcaudron/CinemaBackOffice/icons/12_hover.png'
Traceback (most recent call last):
  File "/Users/timcaudron/CinemaBackOffice/cinemaAffiche.py", line 143, in _load_icon
    img = Image.open(path)
  File "/Users/timcaudron/CinemaBackOffice/.venv/lib/python3.14/site-packages/PIL/Image.py", line 3579, in open
    raise UnidentifiedImageError(msg)
PIL.UnidentifiedImageError: cannot identify image file '/Users/timcaudron/CinemaBackOffice/icons/12_hover.png'
2026-02-21 11:28:02,849 [ERROR] Failed loading icon /Users/timcaudron/CinemaBackOffice/icons/10_hover.png: cannot identify image file '/Users/timcaudron/CinemaBackOffice/icons/10_hover.png'
Traceback (most recent call last):
  File "/Users/timcaudron/CinemaBackOffice/cinemaAffiche.py", line 143, in _load_icon
    img = Image.open(path)
  File "/Users/timcaudron/CinemaBackOffice/.venv/lib/python3.14/site-packages/PIL/Image.py", line 3579, in open
    raise UnidentifiedImageError(msg)
PIL.UnidentifiedImageError: cannot identify image file '/Users/timcaudron/CinemaBackOffice/icons/10_hover.png'
2026-02-21 11:28:02,849 [ERROR] Failed loading icon /Users/timcaudron/CinemaBackOffice/icons/12_hover.png: cannot identify image file '/Users/timcaudron/CinemaBackOffice/icons/12_hover.png'
Traceback (most recent call last):
  File "/Users/timcaudron/CinemaBackOffice/cinemaAffiche.py", line 143, in _load_icon
    img = Image.open(path)
  File "/Users/timcaudron/CinemaBackOffice/.venv/lib/python3.14/site-packages/PIL/Image.py", line 3579, in open
    raise UnidentifiedImageError(msg)
PIL.UnidentifiedImageError: cannot identify image file '/Users/timcaudron/CinemaBackOffice/icons/12_hover.png'
2026-02-21 11:28:04,407 [ERROR] Failed loading icon /Users/timcaudron/CinemaBackOffice/icons/10_hover.png: cannot identify image file '/Users/timcaudron/CinemaBackOffice/icons/10_hover.png'
Traceback (most recent call last):
  File "/Users/timcaudron/CinemaBackOffice/cinemaAffiche.py", line 143, in _load_icon
    img = Image.open(path)
  File "/Users/timcaudron/CinemaBackOffice/.venv/lib/python3.14/site-packages/PIL/Image.py", line 3579, in open
    raise UnidentifiedImageError(msg)
PIL.UnidentifiedImageError: cannot identify image file '/Users/timcaudron/CinemaBackOffice/icons/10_hover.png'
2026-02-21 11:28:04,408 [ERROR] Failed loading icon /Users/timcaudron/CinemaBackOffice/icons/12_hover.png: cannot identify image file '/Users/timcaudron/CinemaBackOffice/icons/12_hover.png'
Traceback (most recent call last):
  File "/Users/timcaudron/CinemaBackOffice/cinemaAffiche.py", line 143, in _load_icon
    img = Image.open(path)
  File "/Users/timcaudron/CinemaBackOffice/.venv/lib/python3.14/site-packages/PIL/Image.py", line 3579, in open
    raise UnidentifiedImageError(msg)
PIL.UnidentifiedImageError: cannot identify image file '/Users/timcaudron/CinemaBackOffice/icons/12_hover.png'
2026-02-21 11:28:05,379 [ERROR] Failed loading icon /Users/timcaudron/CinemaBackOffice/icons/10_hover.png: cannot identify image file '/Users/timcaudron/CinemaBackOffice/icons/10_hover.png'
Traceback (most recent call last):
  File "/Users/timcaudron/CinemaBackOffice/cinemaAffiche.py", line 143, in _load_icon
    img = Image.open(path)
  File "/Users/timcaudron/CinemaBackOffice/.venv/lib/python3.14/site-packages/PIL/Image.py", line 3579, in open
    raise UnidentifiedImageError(msg)
PIL.UnidentifiedImageError: cannot identify image file '/Users/timcaudron/CinemaBackOffice/icons/10_hover.png'
2026-02-21 11:28:05,379 [ERROR] Failed loading icon /Users/timcaudron/CinemaBackOffice/icons/12_hover.png: cannot identify image file '/Users/timcaudron/CinemaBackOffice/icons/12_hover.png'
Traceback (most recent call last):
  File "/Users/timcaudron/CinemaBackOffice/cinemaAffiche.py", line 143, in _load_icon
    img = Image.open(path)
  File "/Users/timcaudron/CinemaBackOffice/.venv/lib/python3.14/site-packages/PIL/Image.py", line 3579, in open
    raise UnidentifiedImageError(msg)
PIL.UnidentifiedImageError: cannot identify image file '/Users/timcaudron/CinemaBackOffice/icons/12_hover.png'
2026-02-21 11:28:05,841 [ERROR] Failed loading icon /Users/timcaudron/CinemaBackOffice/icons/10_hover.png: cannot identify image file '/Users/timcaudron/CinemaBackOffice/icons/10_hover.png'
Traceback (most recent call last):
  File "/Users/timcaudron/CinemaBackOffice/cinemaAffiche.py", line 143, in _load_icon
    img = Image.open(path)
  File "/Users/timcaudron/CinemaBackOffice/.venv/lib/python3.14/site-packages/PIL/Image.py", line 3579, in open
    raise UnidentifiedImageError(msg)
PIL.UnidentifiedImageError: cannot identify image file '/Users/timcaudron/CinemaBackOffice/icons/10_hover.png'
2026-02-21 11:28:05,842 [ERROR] Failed loading icon /Users/timcaudron/CinemaBackOffice/icons/12_hover.png: cannot identify image file '/Users/timcaudron/CinemaBackOffice/icons/12_hover.png'
Traceback (most recent call last):
  File "/Users/timcaudron/CinemaBackOffice/cinemaAffiche.py", line 143, in _load_icon
    img = Image.open(path)
  File "/Users/timcaudron/CinemaBackOffice/.venv/lib/python3.14/site-packages/PIL/Image.py", line 3579, in open
    raise UnidentifiedImageError(msg)
PIL.UnidentifiedImageError: cannot identify image file '/Users/timcaudron/CinemaBackOffice/icons/12_hover.png'
2026-02-21 11:28:06,509 [ERROR] Failed loading icon /Users/timcaudron/CinemaBackOffice/icons/10_hover.png: cannot identify image file '/Users/timcaudron/CinemaBackOffice/icons/10_hover.png'
Traceback (most recent call last):
  File "/Users/timcaudron/CinemaBackOffice/cinemaAffiche.py", line 143, in _load_icon
    img = Image.open(path)
  File "/Users/timcaudron/CinemaBackOffice/.venv/lib/python3.14/site-packages/PIL/Image.py", line 3579, in open
    raise UnidentifiedImageError(msg)
PIL.UnidentifiedImageError: cannot identify image file '/Users/timcaudron/CinemaBackOffice/icons/10_hover.png'
2026-02-21 11:28:06,509 [ERROR] Failed loading icon /Users/timcaudron/CinemaBackOffice/icons/12_hover.png: cannot identify image file '/Users/timcaudron/CinemaBackOffice/icons/12_hover.png'
Traceback (most recent call last):
  File "/Users/timcaudron/CinemaBackOffice/cinemaAffiche.py", line 143, in _load_icon
    img = Image.open(path)
  File "/Users/timcaudron/CinemaBackOffice/.venv/lib/python3.14/site-packages/PIL/Image.py", line 3579, in open
    raise UnidentifiedImageError(msg)
PIL.UnidentifiedImageError: cannot identify image file '/Users/timcaudron/CinemaBackOffice/icons/12_hover.png'
2026-02-21 11:28:06,951 [ERROR] Failed loading icon /Users/timcaudron/CinemaBackOffice/icons/10_hover.png: cannot identify image file '/Users/timcaudron/CinemaBackOffice/icons/10_hover.png'
Traceback (most recent call last):
  File "/Users/timcaudron/CinemaBackOffice/cinemaAffiche.py", line 143, in _load_icon
    img = Image.open(path)
  File "/Users/timcaudron/CinemaBackOffice/.venv/lib/python3.14/site-packages/PIL/Image.py", line 3579, in open
    raise UnidentifiedImageError(msg)
PIL.UnidentifiedImageError: cannot identify image file '/Users/timcaudron/CinemaBackOffice/icons/10_hover.png'
2026-02-21 11:28:06,951 [ERROR] Failed loading icon /Users/timcaudron/CinemaBackOffice/icons/12_hover.png: cannot identify image file '/Users/timcaudron/CinemaBackOffice/icons/12_hover.png'
Traceback (most recent call last):
  File "/Users/timcaudron/CinemaBackOffice/cinemaAffiche.py", line 143, in _load_icon
    img = Image.open(path)
  File "/Users/timcaudron/CinemaBackOffice/.venv/lib/python3.14/site-packages/PIL/Image.py", line 3579, in open
    raise UnidentifiedImageError(msg)
PIL.UnidentifiedImageError: cannot identify image file '/Users/timcaudron/CinemaBackOffice/icons/12_hover.png'
2026-02-21 11:28:08,258 [ERROR] Failed loading icon /Users/timcaudron/CinemaBackOffice/icons/10_hover.png: cannot identify image file '/Users/timcaudron/CinemaBackOffice/icons/10_hover.png'
Traceback (most recent call last):
  File "/Users/timcaudron/CinemaBackOffice/cinemaAffiche.py", line 143, in _load_icon
    img = Image.open(path)
  File "/Users/timcaudron/CinemaBackOffice/.venv/lib/python3.14/site-packages/PIL/Image.py", line 3579, in open
    raise UnidentifiedImageError(msg)
PIL.UnidentifiedImageError: cannot identify image file '/Users/timcaudron/CinemaBackOffice/icons/10_hover.png'
2026-02-21 11:28:08,259 [ERROR] Failed loading icon /Users/timcaudron/CinemaBackOffice/icons/12_hover.png: cannot identify image file '/Users/timcaudron/CinemaBackOffice/icons/12_hover.png'
Traceback (most recent call last):
  File "/Users/timcaudron/CinemaBackOffice/cinemaAffiche.py", line 143, in _load_icon
    img = Image.open(path)
  File "/Users/timcaudron/CinemaBackOffice/.venv/lib/python3.14/site-packages/PIL/Image.py", line 3579, in open
    raise UnidentifiedImageError(msg)
PIL.UnidentifiedImageError: cannot identify image file '/Users/timcaudron/CinemaBackOffice/icons/12_hover.png'
2026-02-21 11:28:11,284 [ERROR] Failed loading icon /Users/timcaudron/CinemaBackOffice/icons/10_hover.png: cannot identify image file '/Users/timcaudron/CinemaBackOffice/icons/10_hover.png'
Traceback (most recent call last):
  File "/Users/timcaudron/CinemaBackOffice/cinemaAffiche.py", line 143, in _load_icon
    img = Image.open(path)
  File "/Users/timcaudron/CinemaBackOffice/.venv/lib/python3.14/site-packages/PIL/Image.py", line 3579, in open
    raise UnidentifiedImageError(msg)
PIL.UnidentifiedImageError: cannot identify image file '/Users/timcaudron/CinemaBackOffice/icons/10_hover.png'
2026-02-21 11:28:11,285 [ERROR] Failed loading icon /Users/timcaudron/CinemaBackOffice/icons/12_hover.png: cannot identify image file '/Users/timcaudron/CinemaBackOffice/icons/12_hover.png'
Traceback (most recent call last):
  File "/Users/timcaudron/CinemaBackOffice/cinemaAffiche.py", line 143, in _load_icon
    img = Image.open(path)
  File "/Users/timcaudron/CinemaBackOffice/.venv/lib/python3.14/site-packages/PIL/Image.py", line 3579, in open
    raise UnidentifiedImageError(msg)
PIL.UnidentifiedImageError: cannot identify image file '/Users/timcaudron/CinemaBackOffice/icons/12_hover.png'
2026-02-21 11:28:11,286 [ERROR] Failed loading icon /Users/timcaudron/CinemaBackOffice/icons/10_hover.png: cannot identify image file '/Users/timcaudron/CinemaBackOffice/icons/10_hover.png'
Traceback (most recent call last):
  File "/Users/timcaudron/CinemaBackOffice/cinemaAffiche.py", line 143, in _load_icon
    img = Image.open(path)
  File "/Users/timcaudron/CinemaBackOffice/.venv/lib/python3.14/site-packages/PIL/Image.py", line 3579, in open
    raise UnidentifiedImageError(msg)
PIL.UnidentifiedImageError: cannot identify image file '/Users/timcaudron/CinemaBackOffice/icons/10_hover.png'
2026-02-21 11:28:11,286 [ERROR] Failed loading icon /Users/timcaudron/CinemaBackOffice/icons/12_hover.png: cannot identify image file '/Users/timcaudron/CinemaBackOffice/icons/12_hover.png'
Traceback (most recent call last):
  File "/Users/timcaudron/CinemaBackOffice/cinemaAffiche.py", line 143, in _load_icon
    img = Image.open(path)
  File "/Users/timcaudron/CinemaBackOffice/.venv/lib/python3.14/site-packages/PIL/Image.py", line 3579, in open
    raise UnidentifiedImageError(msg)
PIL.UnidentifiedImageError: cannot identify image file '/Users/timcaudron/CinemaBackOffice/icons/12_hover.png'
2026-02-21 11:28:17,892 [ERROR] Failed loading icon /Users/timcaudron/CinemaBackOffice/icons/10_hover.png: cannot identify image file '/Users/timcaudron/CinemaBackOffice/icons/10_hover.png'
Traceback (most recent call last):
  File "/Users/timcaudron/CinemaBackOffice/cinemaAffiche.py", line 143, in _load_icon
    img = Image.open(path)
  File "/Users/timcaudron/CinemaBackOffice/.venv/lib/python3.14/site-packages/PIL/Image.py", line 3579, in open
    raise UnidentifiedImageError(msg)
PIL.UnidentifiedImageError: cannot identify image file '/Users/timcaudron/CinemaBackOffice/icons/10_hover.png'
2026-02-21 11:28:17,893 [ERROR] Failed loading icon /Users/timcaudron/CinemaBackOffice/icons/12_hover.png: cannot identify image file '/Users/timcaudron/CinemaBackOffice/icons/12_hover.png'
Traceback (most recent call last):
  File "/Users/timcaudron/CinemaBackOffice/cinemaAffiche.py", line 143, in _load_icon
    img = Image.open(path)
  File "/Users/timcaudron/CinemaBackOffice/.venv/lib/python3.14/site-packages/PIL/Image.py", line 3579, in open
    raise UnidentifiedImageError(msg)
PIL.UnidentifiedImageError: cannot identify image file '/Users/timcaudron/CinemaBackOffice/icons/12_hover.png'
2026-02-21 11:28:17,894 [ERROR] Failed loading icon /Users/timcaudron/CinemaBackOffice/icons/10_hover.png: cannot identify image file '/Users/timcaudron/CinemaBackOffice/icons/10_hover.png'
Traceback (most recent call last):
  File "/Users/timcaudron/CinemaBackOffice/cinemaAffiche.py", line 143, in _load_icon
    img = Image.open(path)
  File "/Users/timcaudron/CinemaBackOffice/.venv/lib/python3.14/site-packages/PIL/Image.py", line 3579, in open
    raise UnidentifiedImageError(msg)
PIL.UnidentifiedImageError: cannot identify image file '/Users/timcaudron/CinemaBackOffice/icons/10_hover.png'
2026-02-21 11:28:17,895 [ERROR] Failed loading icon /Users/timcaudron/CinemaBackOffice/icons/12_hover.png: cannot identify image file '/Users/timcaudron/CinemaBackOffice/icons/12_hover.png'
Traceback (most recent call last):
  File "/Users/timcaudron/CinemaBackOffice/cinemaAffiche.py", line 143, in _load_icon
    img = Image.open(path)
  File "/Users/timcaudron/CinemaBackOffice/.venv/lib/python3.14/site-packages/PIL/Image.py", line 3579, in open
    raise UnidentifiedImageError(msg)
PIL.UnidentifiedImageError: cannot identify image file '/Users/timcaudron/CinemaBackOffice/icons/12_hover.png'
2026-02-21 11:28:18,216 [ERROR] Failed loading icon /Users/timcaudron/CinemaBackOffice/icons/10_hover.png: cannot identify image file '/Users/timcaudron/CinemaBackOffice/icons/10_hover.png'
Traceback (most recent call last):
  File "/Users/timcaudron/CinemaBackOffice/cinemaAffiche.py", line 143, in _load_icon
    img = Image.open(path)
  File "/Users/timcaudron/CinemaBackOffice/.venv/lib/python3.14/site-packages/PIL/Image.py", line 3579, in open
    raise UnidentifiedImageError(msg)
PIL.UnidentifiedImageError: cannot identify image file '/Users/timcaudron/CinemaBackOffice/icons/10_hover.png'
2026-02-21 11:28:18,216 [ERROR] Failed loading icon /Users/timcaudron/CinemaBackOffice/icons/12_hover.png: cannot identify image file '/Users/timcaudron/CinemaBackOffice/icons/12_hover.png'
Traceback (most recent call last):
  File "/Users/timcaudron/CinemaBackOffice/cinemaAffiche.py", line 143, in _load_icon
    img = Image.open(path)
  File "/Users/timcaudron/CinemaBackOffice/.venv/lib/python3.14/site-packages/PIL/Image.py", line 3579, in open
    raise UnidentifiedImageError(msg)
PIL.UnidentifiedImageError: cannot identify image file '/Users/timcaudron/CinemaBackOffice/icons/12_hover.png'
2026-02-21 11:28:18,218 [ERROR] Failed loading icon /Users/timcaudron/CinemaBackOffice/icons/10_hover.png: cannot identify image file '/Users/timcaudron/CinemaBackOffice/icons/10_hover.png'
Traceback (most recent call last):
  File "/Users/timcaudron/CinemaBackOffice/cinemaAffiche.py", line 143, in _load_icon
    img = Image.open(path)
  File "/Users/timcaudron/CinemaBackOffice/.venv/lib/python3.14/site-packages/PIL/Image.py", line 3579, in open
    raise UnidentifiedImageError(msg)
PIL.UnidentifiedImageError: cannot identify image file '/Users/timcaudron/CinemaBackOffice/icons/10_hover.png'
2026-02-21 11:28:18,218 [ERROR] Failed loading icon /Users/timcaudron/CinemaBackOffice/icons/12_hover.png: cannot identify image file '/Users/timcaudron/CinemaBackOffice/icons/12_hover.png'
Traceback (most recent call last):
  File "/Users/timcaudron/CinemaBackOffice/cinemaAffiche.py", line 143, in _load_icon
    img = Image.open(path)
  File "/Users/timcaudron/CinemaBackOffice/.venv/lib/python3.14/site-packages/PIL/Image.py", line 3579, in open
    raise UnidentifiedImageError(msg)
PIL.UnidentifiedImageError: cannot identify image file '/Users/timcaudron/CinemaBackOffice/icons/12_hover.png'
2026-02-21 11:28:18,619 [ERROR] Failed loading icon /Users/timcaudron/CinemaBackOffice/icons/10_hover.png: cannot identify image file '/Users/timcaudron/CinemaBackOffice/icons/10_hover.png'
Traceback (most recent call last):
  File "/Users/timcaudron/CinemaBackOffice/cinemaAffiche.py", line 143, in _load_icon
    img = Image.open(path)
  File "/Users/timcaudron/CinemaBackOffice/.venv/lib/python3.14/site-packages/PIL/Image.py", line 3579, in open
    raise UnidentifiedImageError(msg)
PIL.UnidentifiedImageError: cannot identify image file '/Users/timcaudron/CinemaBackOffice/icons/10_hover.png'
2026-02-21 11:28:18,620 [ERROR] Failed loading icon /Users/timcaudron/CinemaBackOffice/icons/12_hover.png: cannot identify image file '/Users/timcaudron/CinemaBackOffice/icons/12_hover.png'
Traceback (most recent call last):
  File "/Users/timcaudron/CinemaBackOffice/cinemaAffiche.py", line 143, in _load_icon
    img = Image.open(path)
  File "/Users/timcaudron/CinemaBackOffice/.venv/lib/python3.14/site-packages/PIL/Image.py", line 3579, in open
    raise UnidentifiedImageError(msg)
PIL.UnidentifiedImageError: cannot identify image file '/Users/timcaudron/CinemaBackOffice/icons/12_hover.png'
2026-02-21 11:28:18,621 [ERROR] Failed loading icon /Users/timcaudron/CinemaBackOffice/icons/10_hover.png: cannot identify image file '/Users/timcaudron/CinemaBackOffice/icons/10_hover.png'
Traceback (most recent call last):
  File "/Users/timcaudron/CinemaBackOffice/cinemaAffiche.py", line 143, in _load_icon
    img = Image.open(path)
  File "/Users/timcaudron/CinemaBackOffice/.venv/lib/python3.14/site-packages/PIL/Image.py", line 3579, in open
    raise UnidentifiedImageError(msg)
PIL.UnidentifiedImageError: cannot identify image file '/Users/timcaudron/CinemaBackOffice/icons/10_hover.png'
2026-02-21 11:28:18,621 [ERROR] Failed loading icon /Users/timcaudron/CinemaBackOffice/icons/12_hover.png: cannot identify image file '/Users/timcaudron/CinemaBackOffice/icons/12_hover.png'
Traceback (most recent call last):
  File "/Users/timcaudron/CinemaBackOffice/cinemaAffiche.py", line 143, in _load_icon
    img = Image.open(path)
  File "/Users/timcaudron/CinemaBackOffice/.venv/lib/python3.14/site-packages/PIL/Image.py", line 3579, in open
    raise UnidentifiedImageError(msg)
PIL.UnidentifiedImageError: cannot identify image file '/Users/timcaudron/CinemaBackOffice/icons/12_hover.png'
2026-02-21 11:28:18,979 [ERROR] Failed loading icon /Users/timcaudron/CinemaBackOffice/icons/10_hover.png: cannot identify image file '/Users/timcaudron/CinemaBackOffice/icons/10_hover.png'
Traceback (most recent call last):
  File "/Users/timcaudron/CinemaBackOffice/cinemaAffiche.py", line 143, in _load_icon
    img = Image.open(path)
  File "/Users/timcaudron/CinemaBackOffice/.venv/lib/python3.14/site-packages/PIL/Image.py", line 3579, in open
    raise UnidentifiedImageError(msg)
PIL.UnidentifiedImageError: cannot identify image file '/Users/timcaudron/CinemaBackOffice/icons/10_hover.png'
2026-02-21 11:28:18,980 [ERROR] Failed loading icon /Users/timcaudron/CinemaBackOffice/icons/12_hover.png: cannot identify image file '/Users/timcaudron/CinemaBackOffice/icons/12_hover.png'
Traceback (most recent call last):
  File "/Users/timcaudron/CinemaBackOffice/cinemaAffiche.py", line 143, in _load_icon
    img = Image.open(path)
  File "/Users/timcaudron/CinemaBackOffice/.venv/lib/python3.14/site-packages/PIL/Image.py", line 3579, in open
    raise UnidentifiedImageError(msg)
PIL.UnidentifiedImageError: cannot identify image file '/Users/timcaudron/CinemaBackOffice/icons/12_hover.png'
2026-02-21 11:28:18,981 [ERROR] Failed loading icon /Users/timcaudron/CinemaBackOffice/icons/10_hover.png: cannot identify image file '/Users/timcaudron/CinemaBackOffice/icons/10_hover.png'
Traceback (most recent call last):
  File "/Users/timcaudron/CinemaBackOffice/cinemaAffiche.py", line 143, in _load_icon
    img = Image.open(path)
  File "/Users/timcaudron/CinemaBackOffice/.venv/lib/python3.14/site-packages/PIL/Image.py", line 3579, in open
    raise UnidentifiedImageError(msg)
PIL.UnidentifiedImageError: cannot identify image file '/Users/timcaudron/CinemaBackOffice/icons/10_hover.png'
2026-02-21 11:28:18,981 [ERROR] Failed loading icon /Users/timcaudron/CinemaBackOffice/icons/12_hover.png: cannot identify image file '/Users/timcaudron/CinemaBackOffice/icons/12_hover.png'
Traceback (most recent call last):
  File "/Users/timcaudron/CinemaBackOffice/cinemaAffiche.py", line 143, in _load_icon
    img = Image.open(path)
  File "/Users/timcaudron/CinemaBackOffice/.venv/lib/python3.14/site-packages/PIL/Image.py", line 3579, in open
    raise UnidentifiedImageError(msg)
PIL.UnidentifiedImageError: cannot identify image file '/Users/timcaudron/CinemaBackOffice/icons/12_hover.png'
2026-02-21 11:29:10,370 [ERROR] Failed loading icon /Users/timcaudron/CinemaBackOffice/icons/10_hover.png: cannot identify image file '/Users/timcaudron/CinemaBackOffice/icons/10_hover.png'
Traceback (most recent call last):
  File "/Users/timcaudron/CinemaBackOffice/cinemaAffiche.py", line 143, in _load_icon
    img = Image.open(path)
  File "/Users/timcaudron/CinemaBackOffice/.venv/lib/python3.14/site-packages/PIL/Image.py", line 3579, in open
    raise UnidentifiedImageError(msg)
PIL.UnidentifiedImageError: cannot identify image file '/Users/timcaudron/CinemaBackOffice/icons/10_hover.png'
2026-02-21 11:29:10,371 [ERROR] Failed loading icon /Users/timcaudron/CinemaBackOffice/icons/12_hover.png: cannot identify image file '/Users/timcaudron/CinemaBackOffice/icons/12_hover.png'
Traceback (most recent call last):
  File "/Users/timcaudron/CinemaBackOffice/cinemaAffiche.py", line 143, in _load_icon
    img = Image.open(path)
  File "/Users/timcaudron/CinemaBackOffice/.venv/lib/python3.14/site-packages/PIL/Image.py", line 3579, in open
    raise UnidentifiedImageError(msg)
PIL.UnidentifiedImageError: cannot identify image file '/Users/timcaudron/CinemaBackOffice/icons/12_hover.png'
2026-02-21 11:29:10,371 [ERROR] Failed loading icon /Users/timcaudron/CinemaBackOffice/icons/10_hover.png: cannot identify image file '/Users/timcaudron/CinemaBackOffice/icons/10_hover.png'
Traceback (most recent call last):
  File "/Users/timcaudron/CinemaBackOffice/cinemaAffiche.py", line 143, in _load_icon
    img = Image.open(path)
  File "/Users/timcaudron/CinemaBackOffice/.venv/lib/python3.14/site-packages/PIL/Image.py", line 3579, in open
    raise UnidentifiedImageError(msg)
PIL.UnidentifiedImageError: cannot identify image file '/Users/timcaudron/CinemaBackOffice/icons/10_hover.png'
2026-02-21 11:29:10,372 [ERROR] Failed loading icon /Users/timcaudron/CinemaBackOffice/icons/12_hover.png: cannot identify image file '/Users/timcaudron/CinemaBackOffice/icons/12_hover.png'
Traceback (most recent call last):
  File "/Users/timcaudron/CinemaBackOffice/cinemaAffiche.py", line 143, in _load_icon
    img = Image.open(path)
  File "/Users/timcaudron/CinemaBackOffice/.venv/lib/python3.14/site-packages/PIL/Image.py", line 3579, in open
    raise UnidentifiedImageError(msg)
PIL.UnidentifiedImageError: cannot identify image file '/Users/timcaudron/CinemaBackOffice/icons/12_hover.png'
2026-02-21 11:29:26,904 [ERROR] Failed loading icon /Users/timcaudron/CinemaBackOffice/icons/10_hover.png: cannot identify image file '/Users/timcaudron/CinemaBackOffice/icons/10_hover.png'
Traceback (most recent call last):
  File "/Users/timcaudron/CinemaBackOffice/cinemaAffiche.py", line 143, in _load_icon
    img = Image.open(path)
  File "/Users/timcaudron/CinemaBackOffice/.venv/lib/python3.14/site-packages/PIL/Image.py", line 3579, in open
    raise UnidentifiedImageError(msg)
PIL.UnidentifiedImageError: cannot identify image file '/Users/timcaudron/CinemaBackOffice/icons/10_hover.png'
2026-02-21 11:29:26,905 [ERROR] Failed loading icon /Users/timcaudron/CinemaBackOffice/icons/12_hover.png: cannot identify image file '/Users/timcaudron/CinemaBackOffice/icons/12_hover.png'
Traceback (most recent call last):
  File "/Users/timcaudron/CinemaBackOffice/cinemaAffiche.py", line 143, in _load_icon
    img = Image.open(path)
  File "/Users/timcaudron/CinemaBackOffice/.venv/lib/python3.14/site-packages/PIL/Image.py", line 3579, in open
    raise UnidentifiedImageError(msg)
PIL.UnidentifiedImageError: cannot identify image file '/Users/timcaudron/CinemaBackOffice/icons/12_hover.png'
2026-02-21 11:29:26,905 [ERROR] Failed loading icon /Users/timcaudron/CinemaBackOffice/icons/10_hover.png: cannot identify image file '/Users/timcaudron/CinemaBackOffice/icons/10_hover.png'
Traceback (most recent call last):
  File "/Users/timcaudron/CinemaBackOffice/cinemaAffiche.py", line 143, in _load_icon
    img = Image.open(path)
  File "/Users/timcaudron/CinemaBackOffice/.venv/lib/python3.14/site-packages/PIL/Image.py", line 3579, in open
    raise UnidentifiedImageError(msg)
PIL.UnidentifiedImageError: cannot identify image file '/Users/timcaudron/CinemaBackOffice/icons/10_hover.png'
2026-02-21 11:29:26,906 [ERROR] Failed loading icon /Users/timcaudron/CinemaBackOffice/icons/12_hover.png: cannot identify image file '/Users/timcaudron/CinemaBackOffice/icons/12_hover.png'
Traceback (most recent call last):
  File "/Users/timcaudron/CinemaBackOffice/cinemaAffiche.py", line 143, in _load_icon
    img = Image.open(path)
  File "/Users/timcaudron/CinemaBackOffice/.venv/lib/python3.14/site-packages/PIL/Image.py", line 3579, in open
    raise UnidentifiedImageError(msg)
PIL.UnidentifiedImageError: cannot identify image file '/Users/timcaudron/CinemaBackOffice/icons/12_hover.png'
2026-02-21 11:29:40,153 [ERROR] Failed loading icon /Users/timcaudron/CinemaBackOffice/icons/10_hover.png: cannot identify image file '/Users/timcaudron/CinemaBackOffice/icons/10_hover.png'
Traceback (most recent call last):
  File "/Users/timcaudron/CinemaBackOffice/cinemaAffiche.py", line 143, in _load_icon
    img = Image.open(path)
  File "/Users/timcaudron/CinemaBackOffice/.venv/lib/python3.14/site-packages/PIL/Image.py", line 3579, in open
    raise UnidentifiedImageError(msg)
PIL.UnidentifiedImageError: cannot identify image file '/Users/timcaudron/CinemaBackOffice/icons/10_hover.png'
2026-02-21 11:29:40,153 [ERROR] Failed loading icon /Users/timcaudron/CinemaBackOffice/icons/12_hover.png: cannot identify image file '/Users/timcaudron/CinemaBackOffice/icons/12_hover.png'
Traceback (most recent call last):
  File "/Users/timcaudron/CinemaBackOffice/cinemaAffiche.py", line 143, in _load_icon
    img = Image.open(path)
  File "/Users/timcaudron/CinemaBackOffice/.venv/lib/python3.14/site-packages/PIL/Image.py", line 3579, in open
    raise UnidentifiedImageError(msg)
PIL.UnidentifiedImageError: cannot identify image file '/Users/timcaudron/CinemaBackOffice/icons/12_hover.png'
2026-02-21 11:29:40,154 [ERROR] Failed loading icon /Users/timcaudron/CinemaBackOffice/icons/10_hover.png: cannot identify image file '/Users/timcaudron/CinemaBackOffice/icons/10_hover.png'
Traceback (most recent call last):
  File "/Users/timcaudron/CinemaBackOffice/cinemaAffiche.py", line 143, in _load_icon
    img = Image.open(path)
  File "/Users/timcaudron/CinemaBackOffice/.venv/lib/python3.14/site-packages/PIL/Image.py", line 3579, in open
    raise UnidentifiedImageError(msg)
PIL.UnidentifiedImageError: cannot identify image file '/Users/timcaudron/CinemaBackOffice/icons/10_hover.png'
2026-02-21 11:29:40,154 [ERROR] Failed loading icon /Users/timcaudron/CinemaBackOffice/icons/12_hover.png: cannot identify image file '/Users/timcaudron/CinemaBackOffice/icons/12_hover.png'
Traceback (most recent call last):
  File "/Users/timcaudron/CinemaBackOffice/cinemaAffiche.py", line 143, in _load_icon
    img = Image.open(path)
  File "/Users/timcaudron/CinemaBackOffice/.venv/lib/python3.14/site-packages/PIL/Image.py", line 3579, in open
    raise UnidentifiedImageError(msg)
PIL.UnidentifiedImageError: cannot identify image file '/Users/timcaudron/CinemaBackOffice/icons/12_hover.png'
2026-02-21 11:32:27,652 [INFO] Found 12 icons
2026-02-21 11:32:27,679 [ERROR] Thumb load failed for 10_hover.jpeg: cannot identify image file '/Users/timcaudron/CinemaBackOffice/icons/10_hover.jpeg'
Traceback (most recent call last):
  File "/Users/timcaudron/CinemaBackOffice/cinemaAffiche.py", line 373, in _make_icon_thumb
    img = Image.open(ICONS_DIR / filename)
  File "/Users/timcaudron/CinemaBackOffice/.venv/lib/python3.14/site-packages/PIL/Image.py", line 3579, in open
    raise UnidentifiedImageError(msg)
PIL.UnidentifiedImageError: cannot identify image file '/Users/timcaudron/CinemaBackOffice/icons/10_hover.jpeg'
2026-02-21 11:32:27,680 [ERROR] Thumb load failed for 12_hover.jpeg: cannot identify image file '/Users/timcaudron/CinemaBackOffice/icons/12_hover.jpeg'
Traceback (most recent call last):
  File "/Users/timcaudron/CinemaBackOffice/cinemaAffiche.py", line 373, in _make_icon_thumb
    img = Image.open(ICONS_DIR / filename)
  File "/Users/timcaudron/CinemaBackOffice/.venv/lib/python3.14/site-packages/PIL/Image.py", line 3579, in open
    raise UnidentifiedImageError(msg)
PIL.UnidentifiedImageError: cannot identify image file '/Users/timcaudron/CinemaBackOffice/icons/12_hover.jpeg'
2026-02-21 11:32:27,680 [ERROR] Thumb load failed for 16_hover.jpeg: cannot identify image file '/Users/timcaudron/CinemaBackOffice/icons/16_hover.jpeg'
Traceback (most recent call last):
  File "/Users/timcaudron/CinemaBackOffice/cinemaAffiche.py", line 373, in _make_icon_thumb
    img = Image.open(ICONS_DIR / filename)
  File "/Users/timcaudron/CinemaBackOffice/.venv/lib/python3.14/site-packages/PIL/Image.py", line 3579, in open
    raise UnidentifiedImageError(msg)
PIL.UnidentifiedImageError: cannot identify image file '/Users/timcaudron/CinemaBackOffice/icons/16_hover.jpeg'
2026-02-21 11:32:27,680 [ERROR] Thumb load failed for 6_hover.jpeg: cannot identify image file '/Users/timcaudron/CinemaBackOffice/icons/6_hover.jpeg'
Traceback (most recent call last):
  File "/Users/timcaudron/CinemaBackOffice/cinemaAffiche.py", line 373, in _make_icon_thumb
    img = Image.open(ICONS_DIR / filename)
  File "/Users/timcaudron/CinemaBackOffice/.venv/lib/python3.14/site-packages/PIL/Image.py", line 3579, in open
    raise UnidentifiedImageError(msg)
PIL.UnidentifiedImageError: cannot identify image file '/Users/timcaudron/CinemaBackOffice/icons/6_hover.jpeg'
2026-02-21 11:32:27,681 [ERROR] Thumb load failed for al_hover.jpeg: cannot identify image file '/Users/timcaudron/CinemaBackOffice/icons/al_hover.jpeg'
Traceback (most recent call last):
  File "/Users/timcaudron/CinemaBackOffice/cinemaAffiche.py", line 373, in _make_icon_thumb
    img = Image.open(ICONS_DIR / filename)
  File "/Users/timcaudron/CinemaBackOffice/.venv/lib/python3.14/site-packages/PIL/Image.py", line 3579, in open
    raise UnidentifiedImageError(msg)
PIL.UnidentifiedImageError: cannot identify image file '/Users/timcaudron/CinemaBackOffice/icons/al_hover.jpeg'
2026-02-21 11:32:27,681 [ERROR] Thumb load failed for angst_hover.jpeg: cannot identify image file '/Users/timcaudron/CinemaBackOffice/icons/angst_hover.jpeg'
Traceback (most recent call last):
  File "/Users/timcaudron/CinemaBackOffice/cinemaAffiche.py", line 373, in _make_icon_thumb
    img = Image.open(ICONS_DIR / filename)
  File "/Users/timcaudron/CinemaBackOffice/.venv/lib/python3.14/site-packages/PIL/Image.py", line 3579, in open
    raise UnidentifiedImageError(msg)
PIL.UnidentifiedImageError: cannot identify image file '/Users/timcaudron/CinemaBackOffice/icons/angst_hover.jpeg'
2026-02-21 11:32:27,681 [ERROR] Thumb load failed for discriminatie_hover.jpeg: cannot identify image file '/Users/timcaudron/CinemaBackOffice/icons/discriminatie_hover.jpeg'
Traceback (most recent call last):
  File "/Users/timcaudron/CinemaBackOffice/cinemaAffiche.py", line 373, in _make_icon_thumb
    img = Image.open(ICONS_DIR / filename)
  File "/Users/timcaudron/CinemaBackOffice/.venv/lib/python3.14/site-packages/PIL/Image.py", line 3579, in open
    raise UnidentifiedImageError(msg)
PIL.UnidentifiedImageError: cannot identify image file '/Users/timcaudron/CinemaBackOffice/icons/discriminatie_hover.jpeg'
2026-02-21 11:32:27,681 [ERROR] Thumb load failed for drugs_hover.jpeg: cannot identify image file '/Users/timcaudron/CinemaBackOffice/icons/drugs_hover.jpeg'
Traceback (most recent call last):
  File "/Users/timcaudron/CinemaBackOffice/cinemaAffiche.py", line 373, in _make_icon_thumb
    img = Image.open(ICONS_DIR / filename)
  File "/Users/timcaudron/CinemaBackOffice/.venv/lib/python3.14/site-packages/PIL/Image.py", line 3579, in open
    raise UnidentifiedImageError(msg)
PIL.UnidentifiedImageError: cannot identify image file '/Users/timcaudron/CinemaBackOffice/icons/drugs_hover.jpeg'
2026-02-21 11:32:27,681 [ERROR] Thumb load failed for geweld_hover.jpeg: cannot identify image file '/Users/timcaudron/CinemaBackOffice/icons/geweld_hover.jpeg'
Traceback (most recent call last):
  File "/Users/timcaudron/CinemaBackOffice/cinemaAffiche.py", line 373, in _make_icon_thumb
    img = Image.open(ICONS_DIR / filename)
  File "/Users/timcaudron/CinemaBackOffice/.venv/lib/python3.14/site-packages/PIL/Image.py", line 3579, in open
    raise UnidentifiedImageError(msg)
PIL.UnidentifiedImageError: cannot identify image file '/Users/timcaudron/CinemaBackOffice/icons/geweld_hover.jpeg'
2026-02-21 11:32:27,682 [ERROR] Thumb load failed for goedgezienbienvu_18_grijs.jpeg: cannot identify image file '/Users/timcaudron/CinemaBackOffice/icons/goedgezienbienvu_18_grijs.jpeg'
Traceback (most recent call last):
  File "/Users/timcaudron/CinemaBackOffice/cinemaAffiche.py", line 373, in _make_icon_thumb
    img = Image.open(ICONS_DIR / filename)
  File "/Users/timcaudron/CinemaBackOffice/.venv/lib/python3.14/site-packages/PIL/Image.py", line 3579, in open
    raise UnidentifiedImageError(msg)
PIL.UnidentifiedImageError: cannot identify image file '/Users/timcaudron/CinemaBackOffice/icons/goedgezienbienvu_18_grijs.jpeg'
2026-02-21 11:32:27,682 [ERROR] Thumb load failed for groftaalgebruik_hover.jpeg: cannot identify image file '/Users/timcaudron/CinemaBackOffice/icons/groftaalgebruik_hover.jpeg'
Traceback (most recent call last):
  File "/Users/timcaudron/CinemaBackOffice/cinemaAffiche.py", line 373, in _make_icon_thumb
    img = Image.open(ICONS_DIR / filename)
  File "/Users/timcaudron/CinemaBackOffice/.venv/lib/python3.14/site-packages/PIL/Image.py", line 3579, in open
    raise UnidentifiedImageError(msg)
PIL.UnidentifiedImageError: cannot identify image file '/Users/timcaudron/CinemaBackOffice/icons/groftaalgebruik_hover.jpeg'
2026-02-21 11:32:27,682 [ERROR] Thumb load failed for seks_hover.jpeg: cannot identify image file '/Users/timcaudron/CinemaBackOffice/icons/seks_hover.jpeg'
Traceback (most recent call last):
  File "/Users/timcaudron/CinemaBackOffice/cinemaAffiche.py", line 373, in _make_icon_thumb
    img = Image.open(ICONS_DIR / filename)
  File "/Users/timcaudron/CinemaBackOffice/.venv/lib/python3.14/site-packages/PIL/Image.py", line 3579, in open
    raise UnidentifiedImageError(msg)
PIL.UnidentifiedImageError: cannot identify image file '/Users/timcaudron/CinemaBackOffice/icons/seks_hover.jpeg'
2026-02-21 11:32:33,902 [ERROR] Failed loading icon /Users/timcaudron/CinemaBackOffice/icons/6_hover.jpeg: cannot identify image file '/Users/timcaudron/CinemaBackOffice/icons/6_hover.jpeg'
Traceback (most recent call last):
  File "/Users/timcaudron/CinemaBackOffice/cinemaAffiche.py", line 143, in _load_icon
    img = Image.open(path)
  File "/Users/timcaudron/CinemaBackOffice/.venv/lib/python3.14/site-packages/PIL/Image.py", line 3579, in open
    raise UnidentifiedImageError(msg)
PIL.UnidentifiedImageError: cannot identify image file '/Users/timcaudron/CinemaBackOffice/icons/6_hover.jpeg'
2026-02-21 11:32:34,746 [ERROR] Failed loading icon /Users/timcaudron/CinemaBackOffice/icons/16_hover.jpeg: cannot identify image file '/Users/timcaudron/CinemaBackOffice/icons/16_hover.jpeg'
Traceback (most recent call last):
  File "/Users/timcaudron/CinemaBackOffice/cinemaAffiche.py", line 143, in _load_icon
    img = Image.open(path)
  File "/Users/timcaudron/CinemaBackOffice/.venv/lib/python3.14/site-packages/PIL/Image.py", line 3579, in open
    raise UnidentifiedImageError(msg)
PIL.UnidentifiedImageError: cannot identify image file '/Users/timcaudron/CinemaBackOffice/icons/16_hover.jpeg'
2026-02-21 11:32:34,746 [ERROR] Failed loading icon /Users/timcaudron/CinemaBackOffice/icons/6_hover.jpeg: cannot identify image file '/Users/timcaudron/CinemaBackOffice/icons/6_hover.jpeg'
Traceback (most recent call last):
  File "/Users/timcaudron/CinemaBackOffice/cinemaAffiche.py", line 143, in _load_icon
    img = Image.open(path)
  File "/Users/timcaudron/CinemaBackOffice/.venv/lib/python3.14/site-packages/PIL/Image.py", line 3579, in open
    raise UnidentifiedImageError(msg)
PIL.UnidentifiedImageError: cannot identify image file '/Users/timcaudron/CinemaBackOffice/icons/6_hover.jpeg'
2026-02-21 11:54:27,955 [INFO] Found 12 icons in /Users/timcaudron/CinemaBackOffice/icons
2026-02-21 11:55:18,926 [ERROR] SVG icon requires cairosvg. Install: pip install cairosvg
2026-02-21 11:55:19,766 [ERROR] SVG icon requires cairosvg. Install: pip install cairosvg
2026-02-21 11:55:19,767 [ERROR] SVG icon requires cairosvg. Install: pip install cairosvg
2026-02-21 11:55:21,116 [ERROR] SVG icon requires cairosvg. Install: pip install cairosvg
2026-02-21 11:55:21,116 [ERROR] SVG icon requires cairosvg. Install: pip install cairosvg
2026-02-21 11:55:21,116 [ERROR] SVG icon requires cairosvg. Install: pip install cairosvg
2026-02-21 11:55:22,611 [ERROR] SVG icon requires cairosvg. Install: pip install cairosvg
2026-02-21 11:55:22,611 [ERROR] SVG icon requires cairosvg. Install: pip install cairosvg
2026-02-21 11:55:22,611 [ERROR] SVG icon requires cairosvg. Install: pip install cairosvg
2026-02-21 11:55:31,913 [ERROR] SVG icon requires cairosvg. Install: pip install cairosvg
2026-02-21 11:55:31,913 [ERROR] SVG icon requires cairosvg. Install: pip install cairosvg
2026-02-21 11:55:31,913 [ERROR] SVG icon requires cairosvg. Install: pip install cairosvg
2026-02-21 12:11:19,571 [INFO] Found 12 icons in /Users/timcaudron/CinemaBackOffice/icons
